2026-05-15T20:38:46Z [86a83c57] cd /Users/hsharma/projects/hackathon/ccra-poc && python3 -c "
import re
p = 'app.py'
s = open(p).read()
old = '''            try:
                st.pdf(str(mapped_pdf_path))
            except AttributeError:
                pdf_b64 = base64.b64encode(mapped_pdf_path.read_bytes()).decode()
                st.markdown(
                    f\\'<iframe src=\"data:application/pdf;base64,{pdf_b64}\" \\'
                    f\\'width=\"100%\" height=\"600px\" \\'
                    f\\'style=\"border:1px solid #EFEFEF; border-radius:6px;\"></iframe>\\',
                    unsafe_allow_html=True,
                )'''
new = '''            pdf_b64 = base64.b64encode(mapped_pdf_path.read_bytes()).decode()
            st.markdown(
                f\\'<iframe src=\"data:application/pdf;base64,{pdf_b64}\" \\'
                f\\'width=\"100%\" height=\"600px\" \\'
                f\\'style=\"border:1px solid #EFEFEF; border-radius:6px;\"></iframe>\\',
                unsafe_allow_html=True,
            )'''
if old in s:
    open(p,'w').write(s.replace(old, new))
    print('OK: patched')
else:
    print('FAIL: pattern not found')
"

2026-05-15T20:38:46Z [86a83c57] cd /Users/hsharma/projects/hackathon/ccra-poc && python3 -c "
import re
p = 'app.py'
s = open(p).read()
old = '''            try:
                st.pdf(str(mapped_pdf_path))
            except AttributeError:
                pdf_b64 = base64.b64encode(mapped_pdf_path.read_bytes()).decode()
                st.markdown(
                    f\\'<iframe src=\"data:application/pdf;base64,{pdf_b64}\" \\'
                    f\\'width=\"100%\" height=\"600px\" \\'
                    f\\'style=\"border:1px solid #EFEFEF; border-radius:6px;\"></iframe>\\',
                    unsafe_allow_html=True,
                )'''
new = '''            pdf_b64 = base64.b64encode(mapped_pdf_path.read_bytes()).decode()
            st.markdown(
                f\\'<iframe src=\"data:application/pdf;base64,{pdf_b64}\" \\'
                f\\'width=\"100%\" height=\"600px\" \\'
                f\\'style=\"border:1px solid #EFEFEF; border-radius:6px;\"></iframe>\\',
                unsafe_allow_html=True,
            )'''
if old in s:
    open(p,'w').write(s.replace(old, new))
    print('OK: patched')
else:
    print('FAIL: pattern not found')
"

2026-05-15T20:39:08Z [86a83c57] python3 -c "import ast; ast.parse(open('app.py').read()); print('SYNTAX_OK')" && kill 11625 2>/dev/null; sleep 1; cd /Users/hsharma/projects/hackathon/ccra-poc && nohup ./.venv/bin/streamlit run app.py --server.port 8501 --server.headless true > /tmp/ccra_streamlit.log 2>&1 &
sleep 4
NEW_PID=$(lsof -ti :8501 | head -1)
echo "NEW_PID=$NEW_PID"
curl -s -o /dev/null -w "HTTP_/: %{http_code}\n" http://localhost:8501/
curl -s -o /dev/null -w "HTTP_/_stcore/health: %{http_code}\n" http://localhost:8501/_stcore/health
tail -5 /tmp/ccra_streamlit.log
2026-05-15T20:39:08Z [86a83c57] python3 -c "import ast; ast.parse(open('app.py').read()); print('SYNTAX_OK')" && kill 11625 2>/dev/null; sleep 1; cd /Users/hsharma/projects/hackathon/ccra-poc && nohup ./.venv/bin/streamlit run app.py --server.port 8501 --server.headless true > /tmp/ccra_streamlit.log 2>&1 &
sleep 4
NEW_PID=$(lsof -ti :8501 | head -1)
echo "NEW_PID=$NEW_PID"
curl -s -o /dev/null -w "HTTP_/: %{http_code}\n" http://localhost:8501/
curl -s -o /dev/null -w "HTTP_/_stcore/health: %{http_code}\n" http://localhost:8501/_stcore/health
tail -5 /tmp/ccra_streamlit.log
